<?xml version="1.0" encoding="UTF-8"?>
<!-- Generated by org.testng.reporters.JUnitReportReporter -->
<testsuite hostname="QSP" failures="0" tests="1" name="testng.Testcase3" time="14.701" errors="0" timestamp="2022-03-10T07:36:10 IST" skipped="0">
  <testcase classname="testng.Testcase3" name="tc3" time="14.701"/>
</testsuite> <!-- testng.Testcase3 -->
