<?xml version="1.0" encoding="UTF-8"?>
<!-- Generated by org.testng.reporters.JUnitReportReporter -->
<testsuite hostname="QSP" failures="0" tests="3" name="testng.Parallel" time="108.456" errors="0" timestamp="2022-03-10T07:48:27 IST" skipped="0">
  <testcase classname="testng.Parallel" name="demo" time="21.495"/>
  <testcase classname="testng.Parallel" name="demo" time="65.229"/>
  <testcase classname="testng.Parallel" name="demo" time="21.732"/>
</testsuite> <!-- testng.Parallel -->
