<?xml version="1.0" encoding="UTF-8"?>
<!-- Generated by org.testng.reporters.JUnitReportReporter -->
<testsuite hostname="QSP" failures="0" tests="1" name="testng.Test0" time="0.031" errors="0" timestamp="2022-03-09T07:36:38 IST" skipped="0">
  <testcase classname="testng.Test0" name="tc1" time="0.031"/>
</testsuite> <!-- testng.Test0 -->
