<?xml version="1.0" encoding="UTF-8"?>
<!-- Generated by org.testng.reporters.JUnitReportReporter -->
<testsuite hostname="QSP" failures="0" tests="5" name="testng.Test1" time="0.056" errors="0" timestamp="2022-03-09T07:50:52 IST" skipped="1">
  <testcase classname="testng.Test1" name="settings" time="0.006"/>
  <testcase classname="testng.Test1" name="settings" time="0.007"/>
  <testcase classname="testng.Test1" name="chats" time="0.038"/>
  <testcase classname="testng.Test1" name="settings" time="0.005"/>
  <testcase classname="testng.Test1" name="calls">
    <skipped/>
  </testcase> <!-- calls -->
</testsuite> <!-- testng.Test1 -->
