<?xml version="1.0" encoding="UTF-8"?>
<!-- Generated by org.testng.reporters.JUnitReportReporter -->
<testsuite hostname="QSP" failures="0" tests="1" name="testng.Testcase2" time="12.092" errors="0" timestamp="2022-03-10T07:36:10 IST" skipped="0">
  <testcase classname="testng.Testcase2" name="tc2" time="12.092"/>
</testsuite> <!-- testng.Testcase2 -->
